C:\Users\Administrator\Desktop\Test\Movie\T
C:\Users\Administrator\Desktop\Test\Movies\F\Freaky Tales
C:\Users\Administrator\Desktop\Test\Movies\O\Operation Delta Force V Random Fire
C:\Users\Administrator\Desktop\Test\Movies\R\Re Zero - Starting Life in Another World The Frozen Bond
C:\Users\Administrator\Desktop\Test\Movies\S\Sinners
C:\Users\Administrator\Desktop\Test\Movies\S\Solo Leveling -ReAwakening-
C:\Users\Administrator\Desktop\Test\Movies\N
C:\Users\Administrator\Desktop\Test\Movies\O
C:\Users\Administrator\Desktop\Test\Movies\A\A Goofy Movie
C:\Users\Administrator\Desktop\Test\Unknown\sinners
C:\Users\Administrator\Desktop\Test\Unknown\overlord the sacred kingdom
C:\Users\Administrator\Desktop\Test\Unknown\sinners
C:\Users\Administrator\Desktop\Test\Movies\F\Freaky Tales
C:\Users\Administrator\Desktop\Test\Movies\T\The Secret Of Nimh
D:\Temp Content\Test\Movies\D\Death Of A Unicorn 2025
E:\Movies\S\Solo Leveling
E:\Movies\S\Solo Leveling
E:\Movies\S\Solo Leveling
D:\Temp Content\Test\Movies\S\Solo Leveling
E:\Movies\A\A Goofy Movie 1995
E:\Movies\A\A Minecraft Movie 2025
E:\Movies\C\Companion 2025
E:\Movies\D\Death Of A Unicorn 2025
E:\Movies\F\Freaky Tales 2024
E:\Movies\L\Locked 2025
E:\Movies\M\Meet The Khumalos 2025
E:\Movies\M\Mickey 2025
E:\Movies\S\Sinners 2025
E:\Movies\S\Snow White And The Seven Dwarfs 1937
E:\Movies\T\The Gorge 2025
E:\Movies\T\The Secret Of Nimh 1982
E:\Movies\T\The Wild Robot 2024
E:\Movies\T\To Be Hero X
E:\Movies\G\Gekijouban Overlord - Sei Oukoku Hen
E:\Movies\T\To Be Hero X
E:\Movies\F\Final Destination Bloodlines 2025
E:\Movies\N\Nope 2022
E:\Movies\O\One Of Them Days 2025
E:\Movies\T\Tucker And Dale Vs Evil 2010
