C:\Users\Administrator\Desktop\Test\Series\S\Solo Leveling\Season 2
C:\Users\Administrator\Desktop\Test\Series\S\Solo Leveling
C:\Users\Administrator\Desktop\Test\Series\D\Devil May Cry
C:\Users\Administrator\Desktop\Test\Series\S\Solo Leveling
C:\Users\Administrator\Desktop\Test\Series\M\My Happy Marriage
C:\Users\Administrator\Desktop\Test\Series\B\Beast Games
C:\Users\Administrator\Desktop\Test\Series\B\Beast Games
C:\Users\Administrator\Desktop\Test\Series\C\Common Side Effects
C:\Users\Administrator\Desktop\Test\Series\C\Common Side Effects
C:\Users\Administrator\Desktop\Test\Series\C\Common Side Effects
C:\Users\Administrator\Desktop\Test\Series\C\Common Side Effects
C:\Users\Administrator\Desktop\Test\Series\C\Common Side Effects
C:\Users\Administrator\Desktop\Test\Series\C\Common Side Effects
C:\Users\Administrator\Desktop\Test\Series\C\Common Side Effects
C:\Users\Administrator\Desktop\Test\Series\D\Daredevil_ Born Again
C:\Users\Administrator\Desktop\Test\Series\S\SAKAMOTO DAYS
C:\Users\Administrator\Desktop\Test\Series\Y\YAIBA Samurai Legend
C:\Users\Administrator\Desktop\Test\Series\T\TO BE HERO X
C:\Users\Administrator\Desktop\Test\Series\L\Lazarus
C:\Users\Administrator\Desktop\Test\Series\A\Anne Shirley
C:\Users\Administrator\Desktop\Test\Series\S\Solo Leveling
C:\Users\Administrator\Desktop\Test\Unknown
C:\Users\Administrator\Desktop\Test\Series\B\Black Butler
C:\Users\Administrator\Desktop\Test\Series\C\Common Side Effects
C:\Users\Administrator\Desktop\Test\Series\T\The Legend of Vox Machina
C:\Users\Administrator\Desktop\Test\Series\S\SAKAMOTO DAYS
C:\Users\Administrator\Desktop\Test\Series\S\SAKAMOTO DAYS
C:\Users\Administrator\Desktop\Test\TV Series\S\SAKAMOTO DAYS\Season 1
C:\Users\Administrator\Desktop\Test\TV Series\S\SAKAMOTO DAYS\Season 1
C:\Users\Administrator\Desktop\Test\TV Series\S\SAKAMOTO DAYS\Season 1
C:\Users\Administrator\Desktop\Test\TV Series\S\SAKAMOTO DAYS
C:\Users\Administrator\Desktop\Test\TV Series\S\SAKAMOTO DAYS
C:\Users\Administrator\Desktop\Test\TV Series\S\SAKAMOTO DAYS
C:\Users\Administrator\Desktop\Test\Unknown\sakamoto days
C:\Users\Administrator\Desktop\Test\Unknown\sakamoto days
C:\Users\Administrator\Desktop\Test\Unknown\sakamoto days
C:\Users\Administrator\Desktop\Test\Unknown\sakamoto days
C:\Users\Administrator\Desktop\Test\Unknown\sakamoto days
C:\Users\Administrator\Desktop\Test\Unknown\sakamoto days
C:\Users\Administrator\Desktop\Test\Unknown\sakamoto days
C:\Users\Administrator\Desktop\Test\Unknown\sakamoto days
C:\Users\Administrator\Desktop\Test\Unknown\sakamoto days
C:\Users\Administrator\Desktop\Test\Unknown\sakamoto days
C:\Users\Administrator\Desktop\Test\Unknown\sakamoto days
C:\Users\Administrator\Desktop\Test\Unknown\sakamoto days
C:\Users\Administrator\Desktop\Test\Unknown\sakamoto days
C:\Users\Administrator\Desktop\Test\TV Series\S\sakamoto days
C:\Users\Administrator\Desktop\Test\TV Series\S\sakamoto days
C:\Users\Administrator\Desktop\Test\TV Series\S\sakamoto days
C:\Users\Administrator\Desktop\Test\TV Series\S\sakamoto days
C:\Users\Administrator\Desktop\Test\Unknown\sakamoto days
C:\Users\Administrator\Desktop\Test\Unknown\sakamoto days
C:\Users\Administrator\Desktop\Test\TV Series\S\sakamoto days
C:\Users\Administrator\Desktop\Test\Unknown\sakamoto days
C:\Users\Administrator\Desktop\Test\TV Series\S\sakamoto days
C:\Users\Administrator\Desktop\Test\Unknown\sakamoto days
C:\Users\Administrator\Desktop\Test\Unknown\Sakamoto Days
C:\Users\Administrator\Desktop\Test\Unknown\Sakamoto Days
C:\Users\Administrator\Desktop\Test\Unknown\Sakamoto Days
C:\Users\Administrator\Desktop\Test\TV Series\S\Sakamoto Days
C:\Users\Administrator\Desktop\Test\TV Series\S\Sakamoto Days
C:\Users\Administrator\Desktop\Test\Unknown\Sakamoto Days
C:\Users\Administrator\Desktop\Test\Unknown\Sakamoto Days
C:\Users\Administrator\Desktop\Test\Unknown\Sakamoto Days
C:\Users\Administrator\Desktop\Test\Unknown\Sakamoto Days
C:\Users\Administrator\Desktop\Test\Unknown\Sakamoto Days
C:\Users\Administrator\Desktop\Test\Unknown\Sakamoto Days
C:\Users\Administrator\Desktop\Test\Unknown\Sakamoto Days
C:\Users\Administrator\Desktop\Test\TV Series\S\Sakamoto Days
C:\Users\Administrator\Desktop\Test\TV Series\S\Sakamoto Days
C:\Users\Administrator\Desktop\Test\TV Series\S\Solo Leveling
C:\Users\Administrator\Desktop\Test\TV Series\T\To Be Hero X
C:\Users\Administrator\Desktop\Test\TV Series\S\Sakamoto Days
C:\Users\Administrator\Desktop\Test\TV Series\S\Sakamoto Days
C:\Users\Administrator\Desktop\Test\TV Series\L\Love Death And Robots
D:\Temp Content\Test\TV Series\C\Common Side Effects
D:\Temp Content\Test\TV Series\D\Daredevil Born Again
D:\Temp Content\Test\TV Series\H\House Of David
D:\Temp Content\Test\TV Series\I\Invincible 2021
D:\Temp Content\Test\TV Series\T\The All Devouring Whale Homecoming
D:\Temp Content\Test\TV Series\B\Black Butler
D:\Temp Content\Test\TV Series\S\Shin Samurai-Den Yaiba
E:\TV Series\B\Black Mirror
E:\TV Series\B\Black Mirror
E:\TV Series\B\Black Mirror
E:\TV Series\B\Black Mirror
E:\TV Series\B\Black Mirror
E:\TV Series\B\Black Mirror
E:\TV Series\B\Blood Of Zeus
E:\TV Series\B\Blood Of Zeus
E:\TV Series\B\Blood Of Zeus
E:\TV Series\B\Blood Of Zeus
E:\TV Series\B\Blood Of Zeus
E:\TV Series\B\Blood Of Zeus
E:\TV Series\B\Blood Of Zeus
E:\TV Series\B\Blood Of Zeus
E:\TV Series\C\Close Enough (2020)
E:\TV Series\C\Close Enough (2020)
E:\TV Series\C\Close Enough (2020)
E:\TV Series\C\Close Enough (2020)
E:\TV Series\C\Close Enough (2020)
E:\TV Series\C\Close Enough (2020)
E:\TV Series\C\Close Enough (2020)
E:\TV Series\C\Close Enough (2020)
E:\TV Series\C\Close Enough (2020)
E:\TV Series\C\Close Enough (2020)
E:\TV Series\C\Close Enough (2020)
E:\TV Series\C\Close Enough (2020)
E:\TV Series\C\Close Enough (2020)
E:\TV Series\C\Close Enough (2020)
E:\TV Series\C\Close Enough (2020)
E:\TV Series\C\Common Side Effects
E:\TV Series\C\Common Side Effects
E:\TV Series\C\Common Side Effects
E:\TV Series\D\Devil May Cry
E:\TV Series\D\Devil May Cry
E:\TV Series\D\Devil May Cry
E:\TV Series\D\Devil May Cry
E:\TV Series\D\Devil May Cry
E:\TV Series\D\Devil May Cry
E:\TV Series\D\Devil May Cry
E:\TV Series\D\Devil May Cry
D:\Temp Content\Test\TV Series\S\Solo Leveling
D:\Temp Content\Test\TV Series\S\Solo Leveling
D:\Temp Content\Test\TV Series\S\Solo Leveling
D:\Temp Content\Test\TV Series\S\Solo Leveling
D:\Temp Content\Test\TV Series\S\Solo Leveling
D:\Temp Content\Test\TV Series\S\Solo Leveling
D:\Temp Content\Test\TV Series\S\Solo Leveling
D:\Temp Content\Test\TV Series\S\Solo Leveling
D:\Temp Content\Test\TV Series\S\Solo Leveling
D:\Temp Content\Test\TV Series\S\Solo Leveling
D:\Temp Content\Test\TV Series\S\Solo Leveling
D:\Temp Content\Test\TV Series\S\Solo Leveling
D:\Temp Content\Test\TV Series\S\Solo Leveling
E:\TV Series\B\Black Butler
E:\TV Series\B\Black Butler
E:\TV Series\C\Common Side Effects
E:\TV Series\C\Common Side Effects
E:\TV Series\C\Common Side Effects
E:\TV Series\C\Common Side Effects
E:\TV Series\C\Common Side Effects
E:\TV Series\C\Common Side Effects
E:\TV Series\C\Common Side Effects
E:\TV Series\D\Daredevil Born Again
E:\TV Series\D\Daredevil Born Again
E:\TV Series\D\Daredevil Born Again
E:\TV Series\D\Daredevil Born Again
E:\TV Series\D\Daredevil Born Again
E:\TV Series\D\Daredevil Born Again
E:\TV Series\D\Daredevil Born Again
E:\TV Series\D\Daredevil Born Again
E:\TV Series\H\House Of David
E:\TV Series\H\House Of David
E:\TV Series\H\House Of David
E:\TV Series\H\House Of David
E:\TV Series\H\House Of David
E:\TV Series\H\House Of David
E:\TV Series\H\House Of David
E:\TV Series\H\House Of David
E:\TV Series\I\Invincible
E:\TV Series\I\Invincible 2021
E:\TV Series\I\Invincible 2021
E:\TV Series\I\Invincible 2021
E:\TV Series\I\Invincible 2021
E:\TV Series\I\Invincible 2021
E:\TV Series\I\Invincible 2021
E:\TV Series\I\Invincible 2021
E:\TV Series\I\Invincible 2021
E:\TV Series\L\Love Death And Robots
E:\TV Series\L\Love Death And Robots
E:\TV Series\L\Love Death And Robots
E:\TV Series\L\Love Death And Robots
E:\TV Series\L\Love Death And Robots
E:\TV Series\L\Love Death And Robots
E:\TV Series\L\Love Death And Robots
E:\TV Series\L\Love Death And Robots
E:\TV Series\L\Love Death And Robots
E:\TV Series\L\Love Death And Robots
E:\TV Series\P\Paradise 2025
E:\TV Series\P\Paradise 2025
E:\TV Series\P\Paradise 2025
E:\TV Series\P\Paradise 2025
E:\TV Series\P\Paradise 2025
E:\TV Series\P\Paradise 2025
E:\TV Series\P\Paradise 2025
E:\TV Series\P\Paradise 2025
E:\TV Series\R\Reacher
E:\TV Series\R\Reacher
E:\TV Series\R\Reacher
E:\TV Series\R\Reacher
E:\TV Series\R\Reacher
E:\TV Series\R\Reacher
E:\TV Series\R\Reacher
E:\TV Series\R\Reacher
E:\TV Series\T\The Eternaut
E:\TV Series\T\The Eternaut
E:\TV Series\T\The Eternaut
E:\TV Series\T\The Eternaut
E:\TV Series\T\The Eternaut
E:\TV Series\T\The Eternaut
E:\TV Series\T\The Last Of Us
E:\TV Series\T\The Last Of Us
E:\TV Series\T\The Last Of Us
E:\TV Series\T\The Legend Of Vox Machina
E:\TV Series\T\The Legend Of Vox Machina
E:\TV Series\T\The Legend Of Vox Machina
E:\TV Series\T\The Legend Of Vox Machina
E:\TV Series\T\The Legend Of Vox Machina
E:\TV Series\T\The Legend Of Vox Machina
E:\TV Series\T\The Legend Of Vox Machina
E:\TV Series\T\The Legend Of Vox Machina
E:\TV Series\T\The Legend Of Vox Machina
E:\TV Series\T\The Legend Of Vox Machina
E:\TV Series\T\The Legend Of Vox Machina
E:\TV Series\T\The Legend Of Vox Machina
E:\TV Series\S\Sakamoto Days
E:\TV Series\S\Sakamoto Days
E:\TV Series\S\Sakamoto Days
E:\TV Series\L\Lazarus
E:\TV Series\L\Lazarus
E:\TV Series\L\Lazarus
E:\TV Series\R\Re-Zero Starting Life In Another World
E:\TV Series\R\Re-Zero Starting Life In Another World
E:\TV Series\R\Re-Zero Starting Life In Another World
E:\TV Series\R\Re-Zero Starting Life In Another World
E:\TV Series\R\Re-Zero Starting Life In Another World
E:\TV Series\R\Re-Zero Starting Life In Another World
E:\TV Series\R\Re-Zero Starting Life In Another World
E:\TV Series\R\Re-Zero Starting Life In Another World
E:\TV Series\S\Sakamoto Days
E:\TV Series\S\Sakamoto Days
E:\TV Series\T\The All Devouring Whale Homecoming
E:\TV Series\T\The All Devouring Whale Homecoming
E:\TV Series\T\The All Devouring Whale Homecoming
E:\TV Series\T\The All Devouring Whale Homecoming
E:\TV Series\A\Anne Shirley
E:\TV Series\A\Anne Shirley
E:\TV Series\A\Anne Shirley
E:\TV Series\A\Anne Shirley
E:\TV Series\A\Anne Shirley
E:\TV Series\B\Black Butler
E:\TV Series\B\Black Butler
E:\TV Series\B\Black Butler
E:\TV Series\F\Fire Force
E:\TV Series\F\Fire Force
E:\TV Series\F\Fire Force
E:\TV Series\F\Fire Force
E:\TV Series\F\Fire Force
E:\TV Series\M\My Hero Academia - Vigilantes
E:\TV Series\M\My Hero Academia - Vigilantes
E:\TV Series\T\The Beginning After The End
E:\TV Series\T\The Beginning After The End
E:\TV Series\T\The Beginning After The End
E:\TV Series\T\The Beginning After The End
E:\TV Series\T\The Beginning After The End
E:\TV Series\T\To Be Hero X
E:\TV Series\T\To Be Hero X
E:\TV Series\T\To Be Hero X
E:\TV Series\T\To Be Hero X
E:\TV Series\T\To Be Hero X
E:\TV Series\T\To Be Hero X
E:\TV Series\S\Shin Samurai-Den Yaiba
E:\TV Series\S\Shin Samurai-Den Yaiba
E:\TV Series\S\Shin Samurai-Den Yaiba
E:\TV Series\S\Shin Samurai-Den Yaiba
E:\TV Series\S\Shin Samurai-Den Yaiba
E:\TV Series\T\To Be Hero X
E:\TV Series\W\Watashi No Shiawase Na Kekkon
E:\TV Series\W\Watashi No Shiawase Na Kekkon
E:\TV Series\W\Watashi No Shiawase Na Kekkon
E:\TV Series\W\Watashi No Shiawase Na Kekkon
E:\TV Series\W\Watashi No Shiawase Na Kekkon
E:\TV Series\W\Watashi No Shiawase Na Kekkon
E:\TV Series\W\Watashi No Shiawase Na Kekkon
E:\TV Series\W\Watashi No Shiawase Na Kekkon
E:\TV Series\W\Watashi No Shiawase Na Kekkon
E:\TV Series\W\Watashi No Shiawase Na Kekkon
E:\TV Series\W\Watashi No Shiawase Na Kekkon
E:\TV Series\W\Watashi No Shiawase Na Kekkon
E:\TV Series\W\Watashi No Shiawase Na Kekkon
